<?xml version="1.0" encoding="utf-8"?><testsuites name="pytest tests"><testsuite name="pytest" errors="0" failures="0" skipped="0" tests="0" time="0.010" timestamp="2025-09-17T11:21:21.173936+02:00" hostname="NA-ESORRENTINO" /></testsuites>